2024-07-23 12:07:58.118  INFO 63247 --- [main] com.beyond.board.BoardApplication        : Starting BoardApplication using Java 11.0.16.1 on tteia-2.local with PID 63247 (/Users/tteia/board/out/production/classes started by tteia in /Users/tteia/board)
2024-07-23 12:07:58.127  INFO 63247 --- [main] com.beyond.board.BoardApplication        : No active profile set, falling back to 1 default profile: "default"
2024-07-23 12:07:59.670  INFO 63247 --- [main] .s.d.r.c.RepositoryConfigurationDelegate : Multiple Spring Data modules found, entering strict repository configuration mode
2024-07-23 12:07:59.672  INFO 63247 --- [main] .s.d.r.c.RepositoryConfigurationDelegate : Bootstrapping Spring Data JDBC repositories in DEFAULT mode.
2024-07-23 12:07:59.735  INFO 63247 --- [main] .RepositoryConfigurationExtensionSupport : Spring Data JDBC - Could not safely identify store assignment for repository candidate interface com.beyond.board.author.repository.AuthorRepository; If you want this repository to be a JDBC repository, consider annotating your entities with one of these annotations: org.springframework.data.relational.core.mapping.Table.
2024-07-23 12:07:59.739  INFO 63247 --- [main] .RepositoryConfigurationExtensionSupport : Spring Data JDBC - Could not safely identify store assignment for repository candidate interface com.beyond.board.post.repository.PostRepository; If you want this repository to be a JDBC repository, consider annotating your entities with one of these annotations: org.springframework.data.relational.core.mapping.Table.
2024-07-23 12:07:59.739  INFO 63247 --- [main] .s.d.r.c.RepositoryConfigurationDelegate : Finished Spring Data repository scanning in 63 ms. Found 0 JDBC repository interfaces.
2024-07-23 12:07:59.780  INFO 63247 --- [main] .s.d.r.c.RepositoryConfigurationDelegate : Multiple Spring Data modules found, entering strict repository configuration mode
2024-07-23 12:07:59.782  INFO 63247 --- [main] .s.d.r.c.RepositoryConfigurationDelegate : Bootstrapping Spring Data JPA repositories in DEFAULT mode.
2024-07-23 12:07:59.853  INFO 63247 --- [main] .s.d.r.c.RepositoryConfigurationDelegate : Finished Spring Data repository scanning in 59 ms. Found 2 JPA repository interfaces.
2024-07-23 12:08:00.037  WARN 63247 --- [main] o.m.s.mapper.ClassPathMapperScanner      : No MyBatis mapper was found in '[com.beyond.board]' package. Please check your configuration.
2024-07-23 12:08:00.949  INFO 63247 --- [main] o.s.b.w.embedded.tomcat.TomcatWebServer  : Tomcat initialized with port(s): 8080 (http)
2024-07-23 12:08:00.962  INFO 63247 --- [main] o.apache.catalina.core.StandardService   : Starting service [Tomcat]
2024-07-23 12:08:00.963  INFO 63247 --- [main] org.apache.catalina.core.StandardEngine  : Starting Servlet engine: [Apache Tomcat/9.0.74]
2024-07-23 12:08:01.114  INFO 63247 --- [main] o.a.c.c.C.[Tomcat].[localhost].[/]       : Initializing Spring embedded WebApplicationContext
2024-07-23 12:08:01.116  INFO 63247 --- [main] w.s.c.ServletWebServerApplicationContext : Root WebApplicationContext: initialization completed in 2856 ms
2024-07-23 12:08:01.386  INFO 63247 --- [main] com.zaxxer.hikari.HikariDataSource       : HikariPool-1 - Starting...
2024-07-23 12:08:01.479  INFO 63247 --- [main] com.zaxxer.hikari.HikariDataSource       : HikariPool-1 - Start completed.
2024-07-23 12:08:01.688  INFO 63247 --- [main] o.hibernate.jpa.internal.util.LogHelper  : HHH000204: Processing PersistenceUnitInfo [name: default]
2024-07-23 12:08:01.737  INFO 63247 --- [main] org.hibernate.Version                    : HHH000412: Hibernate ORM core version 5.6.15.Final
2024-07-23 12:08:01.867  INFO 63247 --- [main] o.hibernate.annotations.common.Version   : HCANN000001: Hibernate Commons Annotations {5.1.2.Final}
2024-07-23 12:08:01.984  INFO 63247 --- [main] org.hibernate.dialect.Dialect            : HHH000400: Using dialect: org.hibernate.dialect.MariaDBDialect
2024-07-23 12:08:02.642  INFO 63247 --- [main] o.h.e.t.j.p.i.JtaPlatformInitiator       : HHH000490: Using JtaPlatform implementation: [org.hibernate.engine.transaction.jta.platform.internal.NoJtaPlatform]
2024-07-23 12:08:02.650  INFO 63247 --- [main] j.LocalContainerEntityManagerFactoryBean : Initialized JPA EntityManagerFactory for persistence unit 'default'
2024-07-23 12:08:03.639  WARN 63247 --- [main] JpaBaseConfiguration$JpaWebConfiguration : spring.jpa.open-in-view is enabled by default. Therefore, database queries may be performed during view rendering. Explicitly configure spring.jpa.open-in-view to disable this warning
2024-07-23 12:08:04.155  WARN 63247 --- [main] o.s.b.a.batch.JpaBatchConfigurer         : JPA does not support custom isolation levels, so locks may not be taken when launching Jobs. To silence this warning, set 'spring.batch.jdbc.isolation-level-for-create' to 'default'.
2024-07-23 12:08:04.158  INFO 63247 --- [main] o.s.b.c.r.s.JobRepositoryFactoryBean     : No database type set, using meta data indicating: MYSQL
2024-07-23 12:08:04.173  INFO 63247 --- [main] o.s.b.c.l.support.SimpleJobLauncher      : No TaskExecutor has been set, defaulting to synchronous executor.
2024-07-23 12:08:04.356  INFO 63247 --- [main] o.s.b.w.embedded.tomcat.TomcatWebServer  : Tomcat started on port(s): 8080 (http) with context path ''
2024-07-23 12:08:04.377  INFO 63247 --- [main] com.beyond.board.BoardApplication        : Started BoardApplication in 7.473 seconds (JVM running for 8.228)
2024-07-23 12:08:04.381  INFO 63247 --- [main] o.s.b.a.b.JobLauncherApplicationRunner   : Running default command line with: []
2024-07-23 12:08:10.065  INFO 63247 --- [http-nio-8080-exec-5] o.a.c.c.C.[Tomcat].[localhost].[/]       : Initializing Spring DispatcherServlet 'dispatcherServlet'
2024-07-23 12:08:10.069  INFO 63247 --- [http-nio-8080-exec-5] o.s.web.servlet.DispatcherServlet        : Initializing Servlet 'dispatcherServlet'
2024-07-23 12:08:10.074  INFO 63247 --- [http-nio-8080-exec-5] o.s.web.servlet.DispatcherServlet        : Completed initialization in 5 ms
2024-07-23 12:08:10.111  INFO 63247 --- [http-nio-8080-exec-5] com.beyond.board.common.LogController    : slfj4 를 통한 info 로그입니다.
2024-07-23 12:08:10.112 ERROR 63247 --- [http-nio-8080-exec-5] com.beyond.board.common.LogController    : slfj4 를 통한 error 로그입니다.
2024-07-23 12:34 o.s.boot.SpringApplicationjava.lang.IllegalStateException: java.lang.IllegalStateException: Logback configuration error detected: 
ERROR in ch.qos.logback.core.joran.action.AppenderAction - Could not create an Appender of type [ch.qos.logback.core.rolling.ConsoleFileAppender]. ch.qos.logback.core.util.DynamicClassLoadingException: Failed to instantiate type ch.qos.logback.core.rolling.ConsoleFileAppender
ERROR in ch.qos.logback.core.joran.spi.Interpreter@4:86 - ActionException in Action for tag [appender] ch.qos.logback.core.joran.spi.ActionException: ch.qos.logback.core.util.DynamicClassLoadingException: Failed to instantiate type ch.qos.logback.core.rolling.ConsoleFileAppender
ERROR in ch.qos.logback.core.joran.action.AppenderRefAction - Could not find an appender named [CONSOLE]. Did you define it below instead of above in the configuration file?
ERROR in ch.qos.logback.core.joran.action.AppenderRefAction - See http://logback.qos.ch/codes.html#appender_order for more details.
	at org.springframework.boot.context.logging.LoggingApplicationListener.initializeSystem(LoggingApplicationListener.java:344)
	at org.springframework.boot.context.logging.LoggingApplicationListener.initialize(LoggingApplicationListener.java:298)
	at org.springframework.boot.context.logging.LoggingApplicationListener.onApplicationEnvironmentPreparedEvent(LoggingApplicationListener.java:246)
	at org.springframework.boot.context.logging.LoggingApplicationListener.onApplicationEvent(LoggingApplicationListener.java:223)
	at org.springframework.context.event.SimpleApplicationEventMulticaster.doInvokeListener(SimpleApplicationEventMulticaster.java:176)
	at org.springframework.context.event.SimpleApplicationEventMulticaster.invokeListener(SimpleApplicationEventMulticaster.java:169)
	at org.springframework.context.event.SimpleApplicationEventMulticaster.multicastEvent(SimpleApplicationEventMulticaster.java:143)
	at org.springframework.context.event.SimpleApplicationEventMulticaster.multicastEvent(SimpleApplicationEventMulticaster.java:131)
	at org.springframework.boot.context.event.EventPublishingRunListener.environmentPrepared(EventPublishingRunListener.java:85)
	at org.springframework.boot.SpringApplicationRunListeners.lambda$environmentPrepared$2(SpringApplicationRunListeners.java:66)
	at java.base/java.util.ArrayList.forEach(ArrayList.java:1541)
	at org.springframework.boot.SpringApplicationRunListeners.doWithListeners(SpringApplicationRunListeners.java:120)
	at org.springframework.boot.SpringApplicationRunListeners.doWithListeners(SpringApplicationRunListeners.java:114)
	at org.springframework.boot.SpringApplicationRunListeners.environmentPrepared(SpringApplicationRunListeners.java:65)
	at org.springframework.boot.SpringApplication.prepareEnvironment(SpringApplication.java:343)
	at org.springframework.boot.SpringApplication.run(SpringApplication.java:301)
	at org.springframework.boot.SpringApplication.run(SpringApplication.java:1303)
	at org.springframework.boot.SpringApplication.run(SpringApplication.java:1292)
	at com.beyond.board.BoardApplication.main(BoardApplication.java:13)
Caused by: java.lang.IllegalStateException: Logback configuration error detected: 
ERROR in ch.qos.logback.core.joran.action.AppenderAction - Could not create an Appender of type [ch.qos.logback.core.rolling.ConsoleFileAppender]. ch.qos.logback.core.util.DynamicClassLoadingException: Failed to instantiate type ch.qos.logback.core.rolling.ConsoleFileAppender
ERROR in ch.qos.logback.core.joran.spi.Interpreter@4:86 - ActionException in Action for tag [appender] ch.qos.logback.core.joran.spi.ActionException: ch.qos.logback.core.util.DynamicClassLoadingException: Failed to instantiate type ch.qos.logback.core.rolling.ConsoleFileAppender
ERROR in ch.qos.logback.core.joran.action.AppenderRefAction - Could not find an appender named [CONSOLE]. Did you define it below instead of above in the configuration file?
ERROR in ch.qos.logback.core.joran.action.AppenderRefAction - See http://logback.qos.ch/codes.html#appender_order for more details.
	at org.springframework.boot.logging.logback.LogbackLoggingSystem.loadConfiguration(LogbackLoggingSystem.java:179)
	at org.springframework.boot.logging.AbstractLoggingSystem.initializeWithConventions(AbstractLoggingSystem.java:80)
	at org.springframework.boot.logging.AbstractLoggingSystem.initialize(AbstractLoggingSystem.java:60)
	at org.springframework.boot.logging.logback.LogbackLoggingSystem.initialize(LogbackLoggingSystem.java:132)
	at org.springframework.boot.context.logging.LoggingApplicationListener.initializeSystem(LoggingApplicationListener.java:329)
	... 18 common frames omitted
2024-07-23 12:34 o.s.boot.SpringApplication-Application run failed
java.lang.IllegalStateException: java.lang.IllegalStateException: Logback configuration error detected: 
ERROR in ch.qos.logback.core.joran.action.AppenderAction - Could not create an Appender of type [ch.qos.logback.core.rolling.ConsoleFileAppender]. ch.qos.logback.core.util.DynamicClassLoadingException: Failed to instantiate type ch.qos.logback.core.rolling.ConsoleFileAppender
ERROR in ch.qos.logback.core.joran.spi.Interpreter@4:86 - ActionException in Action for tag [appender] ch.qos.logback.core.joran.spi.ActionException: ch.qos.logback.core.util.DynamicClassLoadingException: Failed to instantiate type ch.qos.logback.core.rolling.ConsoleFileAppender
ERROR in ch.qos.logback.core.joran.action.AppenderRefAction - Could not find an appender named [CONSOLE]. Did you define it below instead of above in the configuration file?
ERROR in ch.qos.logback.core.joran.action.AppenderRefAction - See http://logback.qos.ch/codes.html#appender_order for more details.
	at org.springframework.boot.context.logging.LoggingApplicationListener.initializeSystem(LoggingApplicationListener.java:344)
	at org.springframework.boot.context.logging.LoggingApplicationListener.initialize(LoggingApplicationListener.java:298)
	at org.springframework.boot.context.logging.LoggingApplicationListener.onApplicationEnvironmentPreparedEvent(LoggingApplicationListener.java:246)
	at org.springframework.boot.context.logging.LoggingApplicationListener.onApplicationEvent(LoggingApplicationListener.java:223)
	at org.springframework.context.event.SimpleApplicationEventMulticaster.doInvokeListener(SimpleApplicationEventMulticaster.java:176)
	at org.springframework.context.event.SimpleApplicationEventMulticaster.invokeListener(SimpleApplicationEventMulticaster.java:169)
	at org.springframework.context.event.SimpleApplicationEventMulticaster.multicastEvent(SimpleApplicationEventMulticaster.java:143)
	at org.springframework.context.event.SimpleApplicationEventMulticaster.multicastEvent(SimpleApplicationEventMulticaster.java:131)
	at org.springframework.boot.context.event.EventPublishingRunListener.environmentPrepared(EventPublishingRunListener.java:85)
	at org.springframework.boot.SpringApplicationRunListeners.lambda$environmentPrepared$2(SpringApplicationRunListeners.java:66)
	at java.base/java.util.ArrayList.forEach(ArrayList.java:1541)
	at org.springframework.boot.SpringApplicationRunListeners.doWithListeners(SpringApplicationRunListeners.java:120)
	at org.springframework.boot.SpringApplicationRunListeners.doWithListeners(SpringApplicationRunListeners.java:114)
	at org.springframework.boot.SpringApplicationRunListeners.environmentPrepared(SpringApplicationRunListeners.java:65)
	at org.springframework.boot.SpringApplication.prepareEnvironment(SpringApplication.java:343)
	at org.springframework.boot.SpringApplication.run(SpringApplication.java:301)
	at org.springframework.boot.SpringApplication.run(SpringApplication.java:1303)
	at org.springframework.boot.SpringApplication.run(SpringApplication.java:1292)
	at com.beyond.board.BoardApplication.main(BoardApplication.java:13)
Caused by: java.lang.IllegalStateException: Logback configuration error detected: 
ERROR in ch.qos.logback.core.joran.action.AppenderAction - Could not create an Appender of type [ch.qos.logback.core.rolling.ConsoleFileAppender]. ch.qos.logback.core.util.DynamicClassLoadingException: Failed to instantiate type ch.qos.logback.core.rolling.ConsoleFileAppender
ERROR in ch.qos.logback.core.joran.spi.Interpreter@4:86 - ActionException in Action for tag [appender] ch.qos.logback.core.joran.spi.ActionException: ch.qos.logback.core.util.DynamicClassLoadingException: Failed to instantiate type ch.qos.logback.core.rolling.ConsoleFileAppender
ERROR in ch.qos.logback.core.joran.action.AppenderRefAction - Could not find an appender named [CONSOLE]. Did you define it below instead of above in the configuration file?
ERROR in ch.qos.logback.core.joran.action.AppenderRefAction - See http://logback.qos.ch/codes.html#appender_order for more details.
	at org.springframework.boot.logging.logback.LogbackLoggingSystem.loadConfiguration(LogbackLoggingSystem.java:179)
	at org.springframework.boot.logging.AbstractLoggingSystem.initializeWithConventions(AbstractLoggingSystem.java:80)
	at org.springframework.boot.logging.AbstractLoggingSystem.initialize(AbstractLoggingSystem.java:60)
	at org.springframework.boot.logging.logback.LogbackLoggingSystem.initialize(LogbackLoggingSystem.java:132)
	at org.springframework.boot.context.logging.LoggingApplicationListener.initializeSystem(LoggingApplicationListener.java:329)
	... 18 common frames omitted
12:37 com.beyond.board.BoardApplication-Starting BoardApplication using Java 11.0.16.1 on tteia-2.local with PID 65500 (/Users/tteia/board/out/production/classes started by tteia in /Users/tteia/board)
12:37 com.beyond.board.BoardApplication-No active profile set, falling back to 1 default profile: "default"
12:37 o.s.d.r.c.RepositoryConfigurationDelegate-Multiple Spring Data modules found, entering strict repository configuration mode
12:37 o.s.d.r.c.RepositoryConfigurationDelegate-Bootstrapping Spring Data JDBC repositories in DEFAULT mode.
12:37 o.s.d.r.c.RepositoryConfigurationExtensionSupport-Spring Data JDBC - Could not safely identify store assignment for repository candidate interface com.beyond.board.author.repository.AuthorRepository; If you want this repository to be a JDBC repository, consider annotating your entities with one of these annotations: org.springframework.data.relational.core.mapping.Table.
12:37 o.s.d.r.c.RepositoryConfigurationExtensionSupport-Spring Data JDBC - Could not safely identify store assignment for repository candidate interface com.beyond.board.post.repository.PostRepository; If you want this repository to be a JDBC repository, consider annotating your entities with one of these annotations: org.springframework.data.relational.core.mapping.Table.
12:37 o.s.d.r.c.RepositoryConfigurationDelegate-Finished Spring Data repository scanning in 81 ms. Found 0 JDBC repository interfaces.
12:37 o.s.d.r.c.RepositoryConfigurationDelegate-Multiple Spring Data modules found, entering strict repository configuration mode
12:37 o.s.d.r.c.RepositoryConfigurationDelegate-Bootstrapping Spring Data JPA repositories in DEFAULT mode.
12:37 o.s.d.r.c.RepositoryConfigurationDelegate-Finished Spring Data repository scanning in 75 ms. Found 2 JPA repository interfaces.
12:37 o.m.s.mapper.ClassPathMapperScanner-No MyBatis mapper was found in '[com.beyond.board]' package. Please check your configuration.
12:37 o.s.b.w.e.tomcat.TomcatWebServer-Tomcat initialized with port(s): 8080 (http)
12:37 o.a.coyote.http11.Http11NioProtocol-Initializing ProtocolHandler ["http-nio-8080"]
12:37 o.a.catalina.core.StandardService-Starting service [Tomcat]
12:37 o.a.catalina.core.StandardEngine-Starting Servlet engine: [Apache Tomcat/9.0.74]
12:37 o.a.c.c.C.[Tomcat].[localhost].[/]-Initializing Spring embedded WebApplicationContext
12:37 o.s.b.w.s.c.ServletWebServerApplicationContext-Root WebApplicationContext: initialization completed in 2724 ms
12:37 com.zaxxer.hikari.HikariDataSource-HikariPool-1 - Starting...
12:37 com.zaxxer.hikari.HikariDataSource-HikariPool-1 - Start completed.
12:37 o.h.jpa.internal.util.LogHelper-HHH000204: Processing PersistenceUnitInfo [name: default]
12:37 org.hibernate.Version-HHH000412: Hibernate ORM core version 5.6.15.Final
12:37 o.h.annotations.common.Version-HCANN000001: Hibernate Commons Annotations {5.1.2.Final}
12:37 org.hibernate.dialect.Dialect-HHH000400: Using dialect: org.hibernate.dialect.MariaDBDialect
12:37 o.h.e.t.j.p.i.JtaPlatformInitiator-HHH000490: Using JtaPlatform implementation: [org.hibernate.engine.transaction.jta.platform.internal.NoJtaPlatform]
12:37 o.s.o.j.LocalContainerEntityManagerFactoryBean-Initialized JPA EntityManagerFactory for persistence unit 'default'
12:37 o.s.b.a.o.j.JpaBaseConfiguration$JpaWebConfiguration-spring.jpa.open-in-view is enabled by default. Therefore, database queries may be performed during view rendering. Explicitly configure spring.jpa.open-in-view to disable this warning
12:37 o.s.b.a.batch.JpaBatchConfigurer-JPA does not support custom isolation levels, so locks may not be taken when launching Jobs. To silence this warning, set 'spring.batch.jdbc.isolation-level-for-create' to 'default'.
12:37 o.s.b.c.r.s.JobRepositoryFactoryBean-No database type set, using meta data indicating: MYSQL
12:37 o.s.b.c.l.support.SimpleJobLauncher-No TaskExecutor has been set, defaulting to synchronous executor.
12:37 o.a.coyote.http11.Http11NioProtocol-Starting ProtocolHandler ["http-nio-8080"]
12:37 o.s.b.w.s.c.AnnotationConfigServletWebServerApplicationContext-Exception encountered during context initialization - cancelling refresh attempt: org.springframework.context.ApplicationContextException: Failed to start bean 'webServerStartStop'; nested exception is org.springframework.boot.web.server.PortInUseException: Port 8080 is already in use
12:37 o.s.o.j.LocalContainerEntityManagerFactoryBean-Closing JPA EntityManagerFactory for persistence unit 'default'
12:37 com.zaxxer.hikari.HikariDataSource-HikariPool-1 - Shutdown initiated...
12:37 com.zaxxer.hikari.HikariDataSource-HikariPool-1 - Shutdown completed.
12:37 o.a.coyote.http11.Http11NioProtocol-Pausing ProtocolHandler ["http-nio-8080"]
12:37 o.a.catalina.core.StandardService-Stopping service [Tomcat]
12:37 o.a.coyote.http11.Http11NioProtocol-Stopping ProtocolHandler ["http-nio-8080"]
12:37 o.a.coyote.http11.Http11NioProtocol-Destroying ProtocolHandler ["http-nio-8080"]
12:37 o.s.b.a.l.ConditionEvaluationReportLoggingListener-

Error starting ApplicationContext. To display the conditions report re-run your application with 'debug' enabled.
12:37 o.s.b.d.LoggingFailureAnalysisReporter-

***************************
APPLICATION FAILED TO START
***************************

Description:

Web server failed to start. Port 8080 was already in use.

Action:

Identify and stop the process that's listening on port 8080 or configure this application to listen on another port.

12:39 com.beyond.board.BoardApplication-Starting BoardApplication using Java 11.0.16.1 on tteia-2.local with PID 65701 (/Users/tteia/board/out/production/classes started by tteia in /Users/tteia/board)
12:39 com.beyond.board.BoardApplication-No active profile set, falling back to 1 default profile: "default"
12:39 o.s.d.r.c.RepositoryConfigurationDelegate-Multiple Spring Data modules found, entering strict repository configuration mode
12:39 o.s.d.r.c.RepositoryConfigurationDelegate-Bootstrapping Spring Data JDBC repositories in DEFAULT mode.
12:39 o.s.d.r.c.RepositoryConfigurationExtensionSupport-Spring Data JDBC - Could not safely identify store assignment for repository candidate interface com.beyond.board.author.repository.AuthorRepository; If you want this repository to be a JDBC repository, consider annotating your entities with one of these annotations: org.springframework.data.relational.core.mapping.Table.
12:39 o.s.d.r.c.RepositoryConfigurationExtensionSupport-Spring Data JDBC - Could not safely identify store assignment for repository candidate interface com.beyond.board.post.repository.PostRepository; If you want this repository to be a JDBC repository, consider annotating your entities with one of these annotations: org.springframework.data.relational.core.mapping.Table.
12:39 o.s.d.r.c.RepositoryConfigurationDelegate-Finished Spring Data repository scanning in 65 ms. Found 0 JDBC repository interfaces.
12:39 o.s.d.r.c.RepositoryConfigurationDelegate-Multiple Spring Data modules found, entering strict repository configuration mode
12:39 o.s.d.r.c.RepositoryConfigurationDelegate-Bootstrapping Spring Data JPA repositories in DEFAULT mode.
12:39 o.s.d.r.c.RepositoryConfigurationDelegate-Finished Spring Data repository scanning in 39 ms. Found 2 JPA repository interfaces.
12:39 o.m.s.mapper.ClassPathMapperScanner-No MyBatis mapper was found in '[com.beyond.board]' package. Please check your configuration.
12:39 o.s.b.w.e.tomcat.TomcatWebServer-Tomcat initialized with port(s): 8080 (http)
12:39 o.a.coyote.http11.Http11NioProtocol-Initializing ProtocolHandler ["http-nio-8080"]
12:39 o.a.catalina.core.StandardService-Starting service [Tomcat]
12:39 o.a.catalina.core.StandardEngine-Starting Servlet engine: [Apache Tomcat/9.0.74]
12:39 o.a.c.c.C.[Tomcat].[localhost].[/]-Initializing Spring embedded WebApplicationContext
12:39 o.s.b.w.s.c.ServletWebServerApplicationContext-Root WebApplicationContext: initialization completed in 2599 ms
12:39 com.zaxxer.hikari.HikariDataSource-HikariPool-1 - Starting...
12:39 com.zaxxer.hikari.HikariDataSource-HikariPool-1 - Start completed.
12:39 o.h.jpa.internal.util.LogHelper-HHH000204: Processing PersistenceUnitInfo [name: default]
12:39 org.hibernate.Version-HHH000412: Hibernate ORM core version 5.6.15.Final
12:39 o.h.annotations.common.Version-HCANN000001: Hibernate Commons Annotations {5.1.2.Final}
12:39 org.hibernate.dialect.Dialect-HHH000400: Using dialect: org.hibernate.dialect.MariaDBDialect
12:39 o.h.e.t.j.p.i.JtaPlatformInitiator-HHH000490: Using JtaPlatform implementation: [org.hibernate.engine.transaction.jta.platform.internal.NoJtaPlatform]
12:39 o.s.o.j.LocalContainerEntityManagerFactoryBean-Initialized JPA EntityManagerFactory for persistence unit 'default'
12:39 o.s.b.a.o.j.JpaBaseConfiguration$JpaWebConfiguration-spring.jpa.open-in-view is enabled by default. Therefore, database queries may be performed during view rendering. Explicitly configure spring.jpa.open-in-view to disable this warning
12:39 o.s.b.a.batch.JpaBatchConfigurer-JPA does not support custom isolation levels, so locks may not be taken when launching Jobs. To silence this warning, set 'spring.batch.jdbc.isolation-level-for-create' to 'default'.
12:39 o.s.b.c.r.s.JobRepositoryFactoryBean-No database type set, using meta data indicating: MYSQL
12:39 o.s.b.c.l.support.SimpleJobLauncher-No TaskExecutor has been set, defaulting to synchronous executor.
12:39 o.a.coyote.http11.Http11NioProtocol-Starting ProtocolHandler ["http-nio-8080"]
12:39 o.s.b.w.e.tomcat.TomcatWebServer-Tomcat started on port(s): 8080 (http) with context path ''
12:39 com.beyond.board.BoardApplication-Started BoardApplication in 7.096 seconds (JVM running for 7.932)
12:39 o.s.b.a.b.JobLauncherApplicationRunner-Running default command line with: []
12:39 o.a.c.c.C.[Tomcat].[localhost].[/]-Initializing Spring DispatcherServlet 'dispatcherServlet'
12:39 o.s.web.servlet.DispatcherServlet-Initializing Servlet 'dispatcherServlet'
12:39 o.s.web.servlet.DispatcherServlet-Completed initialization in 4 ms
12:39 o.a.c.c.C.[.[.[.[dispatcherServlet]-Servlet.service() for servlet [dispatcherServlet] in context with path [] threw exception [Request processing failed; nested exception is javax.persistence.EntityNotFoundException: 회원을 찾을 수 없습니다.] with root cause
javax.persistence.EntityNotFoundException: 회원을 찾을 수 없습니다.
	at com.beyond.board.author.service.AuthorService.lambda$authorDetail$0(AuthorService.java:60)
	at java.base/java.util.Optional.orElseThrow(Optional.java:408)
	at com.beyond.board.author.service.AuthorService.authorDetail(AuthorService.java:60)
	at com.beyond.board.author.service.AuthorService$$FastClassBySpringCGLIB$$cc00b908.invoke(<generated>)
	at org.springframework.cglib.proxy.MethodProxy.invoke(MethodProxy.java:218)
	at org.springframework.aop.framework.CglibAopProxy$CglibMethodInvocation.invokeJoinpoint(CglibAopProxy.java:793)
	at org.springframework.aop.framework.ReflectiveMethodInvocation.proceed(ReflectiveMethodInvocation.java:163)
	at org.springframework.aop.framework.CglibAopProxy$CglibMethodInvocation.proceed(CglibAopProxy.java:763)
	at org.springframework.transaction.interceptor.TransactionInterceptor$1.proceedWithInvocation(TransactionInterceptor.java:123)
	at org.springframework.transaction.interceptor.TransactionAspectSupport.invokeWithinTransaction(TransactionAspectSupport.java:388)
	at org.springframework.transaction.interceptor.TransactionInterceptor.invoke(TransactionInterceptor.java:119)
	at org.springframework.aop.framework.ReflectiveMethodInvocation.proceed(ReflectiveMethodInvocation.java:186)
	at org.springframework.aop.framework.CglibAopProxy$CglibMethodInvocation.proceed(CglibAopProxy.java:763)
	at org.springframework.aop.framework.CglibAopProxy$DynamicAdvisedInterceptor.intercept(CglibAopProxy.java:708)
	at com.beyond.board.author.service.AuthorService$$EnhancerBySpringCGLIB$$9893541b.authorDetail(<generated>)
	at com.beyond.board.author.controller.AuthorController.authorDetailList(AuthorController.java:51)
	at java.base/jdk.internal.reflect.NativeMethodAccessorImpl.invoke0(Native Method)
	at java.base/jdk.internal.reflect.NativeMethodAccessorImpl.invoke(NativeMethodAccessorImpl.java:62)
	at java.base/jdk.internal.reflect.DelegatingMethodAccessorImpl.invoke(DelegatingMethodAccessorImpl.java:43)
	at java.base/java.lang.reflect.Method.invoke(Method.java:566)
	at org.springframework.web.method.support.InvocableHandlerMethod.doInvoke(InvocableHandlerMethod.java:205)
	at org.springframework.web.method.support.InvocableHandlerMethod.invokeForRequest(InvocableHandlerMethod.java:150)
	at org.springframework.web.servlet.mvc.method.annotation.ServletInvocableHandlerMethod.invokeAndHandle(ServletInvocableHandlerMethod.java:117)
	at org.springframework.web.servlet.mvc.method.annotation.RequestMappingHandlerAdapter.invokeHandlerMethod(RequestMappingHandlerAdapter.java:895)
	at org.springframework.web.servlet.mvc.method.annotation.RequestMappingHandlerAdapter.handleInternal(RequestMappingHandlerAdapter.java:808)
	at org.springframework.web.servlet.mvc.method.AbstractHandlerMethodAdapter.handle(AbstractHandlerMethodAdapter.java:87)
	at org.springframework.web.servlet.DispatcherServlet.doDispatch(DispatcherServlet.java:1072)
	at org.springframework.web.servlet.DispatcherServlet.doService(DispatcherServlet.java:965)
	at org.springframework.web.servlet.FrameworkServlet.processRequest(FrameworkServlet.java:1006)
	at org.springframework.web.servlet.FrameworkServlet.doGet(FrameworkServlet.java:898)
	at javax.servlet.http.HttpServlet.service(HttpServlet.java:529)
	at org.springframework.web.servlet.FrameworkServlet.service(FrameworkServlet.java:883)
	at javax.servlet.http.HttpServlet.service(HttpServlet.java:623)
	at org.apache.catalina.core.ApplicationFilterChain.internalDoFilter(ApplicationFilterChain.java:209)
	at org.apache.catalina.core.ApplicationFilterChain.doFilter(ApplicationFilterChain.java:153)
	at org.apache.tomcat.websocket.server.WsFilter.doFilter(WsFilter.java:51)
	at org.apache.catalina.core.ApplicationFilterChain.internalDoFilter(ApplicationFilterChain.java:178)
	at org.apache.catalina.core.ApplicationFilterChain.doFilter(ApplicationFilterChain.java:153)
	at org.springframework.web.filter.RequestContextFilter.doFilterInternal(RequestContextFilter.java:100)
	at org.springframework.web.filter.OncePerRequestFilter.doFilter(OncePerRequestFilter.java:117)
	at org.apache.catalina.core.ApplicationFilterChain.internalDoFilter(ApplicationFilterChain.java:178)
	at org.apache.catalina.core.ApplicationFilterChain.doFilter(ApplicationFilterChain.java:153)
	at org.springframework.web.filter.FormContentFilter.doFilterInternal(FormContentFilter.java:93)
	at org.springframework.web.filter.OncePerRequestFilter.doFilter(OncePerRequestFilter.java:117)
	at org.apache.catalina.core.ApplicationFilterChain.internalDoFilter(ApplicationFilterChain.java:178)
	at org.apache.catalina.core.ApplicationFilterChain.doFilter(ApplicationFilterChain.java:153)
	at org.springframework.web.filter.CharacterEncodingFilter.doFilterInternal(CharacterEncodingFilter.java:201)
	at org.springframework.web.filter.OncePerRequestFilter.doFilter(OncePerRequestFilter.java:117)
	at org.apache.catalina.core.ApplicationFilterChain.internalDoFilter(ApplicationFilterChain.java:178)
	at org.apache.catalina.core.ApplicationFilterChain.doFilter(ApplicationFilterChain.java:153)
	at org.apache.catalina.core.StandardWrapperValve.invoke(StandardWrapperValve.java:167)
	at org.apache.catalina.core.StandardContextValve.invoke(StandardContextValve.java:90)
	at org.apache.catalina.authenticator.AuthenticatorBase.invoke(AuthenticatorBase.java:481)
	at org.apache.catalina.core.StandardHostValve.invoke(StandardHostValve.java:130)
	at org.apache.catalina.valves.ErrorReportValve.invoke(ErrorReportValve.java:93)
	at org.apache.catalina.core.StandardEngineValve.invoke(StandardEngineValve.java:74)
	at org.apache.catalina.connector.CoyoteAdapter.service(CoyoteAdapter.java:343)
	at org.apache.coyote.http11.Http11Processor.service(Http11Processor.java:389)
	at org.apache.coyote.AbstractProcessorLight.process(AbstractProcessorLight.java:63)
	at org.apache.coyote.AbstractProtocol$ConnectionHandler.process(AbstractProtocol.java:926)
	at org.apache.tomcat.util.net.NioEndpoint$SocketProcessor.doRun(NioEndpoint.java:1791)
	at org.apache.tomcat.util.net.SocketProcessorBase.run(SocketProcessorBase.java:52)
	at org.apache.tomcat.util.threads.ThreadPoolExecutor.runWorker(ThreadPoolExecutor.java:1191)
	at org.apache.tomcat.util.threads.ThreadPoolExecutor$Worker.run(ThreadPoolExecutor.java:659)
	at org.apache.tomcat.util.threads.TaskThread$WrappingRunnable.run(TaskThread.java:61)
	at java.base/java.lang.Thread.run(Thread.java:829)
12:45 o.s.o.j.LocalContainerEntityManagerFactoryBean-Closing JPA EntityManagerFactory for persistence unit 'default'
12:45 com.zaxxer.hikari.HikariDataSource-HikariPool-1 - Shutdown initiated...
12:45 com.zaxxer.hikari.HikariDataSource-HikariPool-1 - Shutdown completed.
2024-07-23 12:46 com.beyond.board.BoardApplication-Starting BoardApplication using Java 11.0.16.1 on tteia-2.local with PID 66184 (/Users/tteia/board/out/production/classes started by tteia in /Users/tteia/board)
2024-07-23 12:46 com.beyond.board.BoardApplication-No active profile set, falling back to 1 default profile: "default"
2024-07-23 12:46 o.s.d.r.c.RepositoryConfigurationDelegate-Multiple Spring Data modules found, entering strict repository configuration mode
2024-07-23 12:46 o.s.d.r.c.RepositoryConfigurationDelegate-Bootstrapping Spring Data JDBC repositories in DEFAULT mode.
2024-07-23 12:46 o.s.d.r.c.RepositoryConfigurationExtensionSupport-Spring Data JDBC - Could not safely identify store assignment for repository candidate interface com.beyond.board.author.repository.AuthorRepository; If you want this repository to be a JDBC repository, consider annotating your entities with one of these annotations: org.springframework.data.relational.core.mapping.Table.
2024-07-23 12:46 o.s.d.r.c.RepositoryConfigurationExtensionSupport-Spring Data JDBC - Could not safely identify store assignment for repository candidate interface com.beyond.board.post.repository.PostRepository; If you want this repository to be a JDBC repository, consider annotating your entities with one of these annotations: org.springframework.data.relational.core.mapping.Table.
2024-07-23 12:46 o.s.d.r.c.RepositoryConfigurationDelegate-Finished Spring Data repository scanning in 73 ms. Found 0 JDBC repository interfaces.
2024-07-23 12:46 o.s.d.r.c.RepositoryConfigurationDelegate-Multiple Spring Data modules found, entering strict repository configuration mode
2024-07-23 12:46 o.s.d.r.c.RepositoryConfigurationDelegate-Bootstrapping Spring Data JPA repositories in DEFAULT mode.
2024-07-23 12:46 o.s.d.r.c.RepositoryConfigurationDelegate-Finished Spring Data repository scanning in 40 ms. Found 2 JPA repository interfaces.
2024-07-23 12:46 o.m.s.mapper.ClassPathMapperScanner-No MyBatis mapper was found in '[com.beyond.board]' package. Please check your configuration.
2024-07-23 12:46 o.s.b.w.e.tomcat.TomcatWebServer-Tomcat initialized with port(s): 8080 (http)
2024-07-23 12:46 o.a.coyote.http11.Http11NioProtocol-Initializing ProtocolHandler ["http-nio-8080"]
2024-07-23 12:46 o.a.catalina.core.StandardService-Starting service [Tomcat]
2024-07-23 12:46 o.a.catalina.core.StandardEngine-Starting Servlet engine: [Apache Tomcat/9.0.74]
2024-07-23 12:46 o.a.c.c.C.[Tomcat].[localhost].[/]-Initializing Spring embedded WebApplicationContext
2024-07-23 12:46 o.s.b.w.s.c.ServletWebServerApplicationContext-Root WebApplicationContext: initialization completed in 2608 ms
2024-07-23 12:46 com.zaxxer.hikari.HikariDataSource-HikariPool-1 - Starting...
2024-07-23 12:46 com.zaxxer.hikari.HikariDataSource-HikariPool-1 - Start completed.
2024-07-23 12:46 o.h.jpa.internal.util.LogHelper-HHH000204: Processing PersistenceUnitInfo [name: default]
2024-07-23 12:46 org.hibernate.Version-HHH000412: Hibernate ORM core version 5.6.15.Final
2024-07-23 12:46 o.h.annotations.common.Version-HCANN000001: Hibernate Commons Annotations {5.1.2.Final}
2024-07-23 12:46 org.hibernate.dialect.Dialect-HHH000400: Using dialect: org.hibernate.dialect.MariaDBDialect
2024-07-23 12:46 o.h.e.t.j.p.i.JtaPlatformInitiator-HHH000490: Using JtaPlatform implementation: [org.hibernate.engine.transaction.jta.platform.internal.NoJtaPlatform]
2024-07-23 12:46 o.s.o.j.LocalContainerEntityManagerFactoryBean-Initialized JPA EntityManagerFactory for persistence unit 'default'
2024-07-23 12:46 o.s.b.a.o.j.JpaBaseConfiguration$JpaWebConfiguration-spring.jpa.open-in-view is enabled by default. Therefore, database queries may be performed during view rendering. Explicitly configure spring.jpa.open-in-view to disable this warning
2024-07-23 12:46 o.s.b.a.batch.JpaBatchConfigurer-JPA does not support custom isolation levels, so locks may not be taken when launching Jobs. To silence this warning, set 'spring.batch.jdbc.isolation-level-for-create' to 'default'.
2024-07-23 12:46 o.s.b.c.r.s.JobRepositoryFactoryBean-No database type set, using meta data indicating: MYSQL
2024-07-23 12:46 o.s.b.c.l.support.SimpleJobLauncher-No TaskExecutor has been set, defaulting to synchronous executor.
2024-07-23 12:46 o.a.coyote.http11.Http11NioProtocol-Starting ProtocolHandler ["http-nio-8080"]
2024-07-23 12:46 o.s.b.w.e.tomcat.TomcatWebServer-Tomcat started on port(s): 8080 (http) with context path ''
2024-07-23 12:46 com.beyond.board.BoardApplication-Started BoardApplication in 7.61 seconds (JVM running for 8.376)
2024-07-23 12:46 o.s.b.a.b.JobLauncherApplicationRunner-Running default command line with: []
2024-07-23 12:46 o.s.o.j.LocalContainerEntityManagerFactoryBean-Closing JPA EntityManagerFactory for persistence unit 'default'
2024-07-23 12:46 com.zaxxer.hikari.HikariDataSource-HikariPool-1 - Shutdown initiated...
2024-07-23 12:46 com.zaxxer.hikari.HikariDataSource-HikariPool-1 - Shutdown completed.
